[35m[1mScanning dependencies of target potential_field_node[0m
[ 50%] [32mBuilding CXX object CMakeFiles/potential_field_node.dir/src/potentialF.cpp.o[0m
[01m[K/home/tim/DREAM/ros2_ws/src/potential_field/src/potentialF.cpp:[m[K In member function â€˜[01m[Kgeometry_msgs::msg::PoseStamped PotentialField::PublishVector(float, float)[m[Kâ€™:
[01m[K/home/tim/DREAM/ros2_ws/src/potential_field/src/potentialF.cpp:92:15:[m[K [01;35m[Kwarning: [m[Kunused variable â€˜[01m[Kangle[m[Kâ€™ [[01;35m[K-Wunused-variable[m[K]
   92 |         float [01;35m[Kangle[m[K = atan(y/x) + PI;
      |               [01;35m[K^~~~~[m[K
[01m[K/home/tim/DREAM/ros2_ws/src/potential_field/src/potentialF.cpp:96:15:[m[K [01;35m[Kwarning: [m[Kunused variable â€˜[01m[Kangle[m[Kâ€™ [[01;35m[K-Wunused-variable[m[K]
   96 |         float [01;35m[Kangle[m[K = atan(y/x);
      |               [01;35m[K^~~~~[m[K
[01m[K/home/tim/DREAM/ros2_ws/src/potential_field/src/potentialF.cpp:102:20:[m[K [01;31m[Kerror: [m[Kâ€˜[01m[Kangle[m[Kâ€™ was not declared in this scope; did you mean â€˜[01m[Ktf2::angle[m[Kâ€™?
  102 |       q.setRPY(0,0,[01;31m[Kangle[m[K);
      |                    [01;31m[K^~~~~[m[K
      |                    [32m[Ktf2::angle[m[K
In file included from [01m[K/opt/ros/foxy/include/tf2_geometry_msgs/tf2_geometry_msgs.h:36[m[K,
                 from [01m[K/home/tim/DREAM/ros2_ws/src/potential_field/src/potentialF.cpp:3[m[K:
[01m[K/opt/ros/foxy/include/tf2/LinearMath/Quaternion.h:410:1:[m[K [01;36m[Knote: [m[Kâ€˜[01m[Ktf2::angle[m[Kâ€™ declared here
  410 | [01;36m[Kangle[m[K(const Quaternion& q1, const Quaternion& q2)
      | [01;36m[K^~~~~[m[K
make[2]: *** [CMakeFiles/potential_field_node.dir/build.make:63: CMakeFiles/potential_field_node.dir/src/potentialF.cpp.o] Error 1
make[1]: *** [CMakeFiles/Makefile2:78: CMakeFiles/potential_field_node.dir/all] Error 2
make: *** [Makefile:141: all] Error 2
